# JRE version: OpenJDK Runtime Environment (8.0_232-b09) (build 1.8.0_232-b09)
# Java VM: OpenJDK 64-Bit Server VM (25.232-b09 mixed mode windows-amd64 compressed oops)
Heap:
 PSYoungGen      total 312320K, used 109320K [0x00000000d5f00000, 0x00000000eb380000, 0x0000000100000000)
  eden space 287744K, 29% used [0x00000000d5f00000,0x00000000db256918,0x00000000e7800000)
  from space 24576K, 97% used [0x00000000e9400000,0x00000000eab6b9f0,0x00000000eac00000)
  to   space 28672K, 0% used [0x00000000e7800000,0x00000000e7800000,0x00000000e9400000)
 ParOldGen       total 114176K, used 65012K [0x0000000081c00000, 0x0000000088b80000, 0x00000000d5f00000)
  object space 114176K, 56% used [0x0000000081c00000,0x0000000085b7d188,0x0000000088b80000)
 Metaspace       used 73209K, capacity 74668K, committed 74880K, reserved 1114112K
  class space    used 8898K, capacity 9257K, committed 9344K, reserved 1048576K
GC Heap History (36 events):
Event: 0.660 GC heap before
{Heap before GC invocations=1 (full 0):
 PSYoungGen      total 38400K, used 33280K [0x00000000d5f00000, 0x00000000d8980000, 0x0000000100000000)
  eden space 33280K, 100% used [0x00000000d5f00000,0x00000000d7f80000,0x00000000d7f80000)
  from space 5120K, 0% used [0x00000000d8480000,0x00000000d8480000,0x00000000d8980000)
  to   space 5120K, 0% used [0x00000000d7f80000,0x00000000d7f80000,0x00000000d8480000)
 ParOldGen       total 87552K, used 0K [0x0000000081c00000, 0x0000000087180000, 0x00000000d5f00000)
  object space 87552K, 0% used [0x0000000081c00000,0x0000000081c00000,0x0000000087180000)
 Metaspace       used 9130K, capacity 9244K, committed 9344K, reserved 1056768K
  class space    used 1007K, capacity 1080K, committed 1152K, reserved 1048576K
Event: 0.664 GC heap after
Heap after GC invocations=1 (full 0):
 PSYoungGen      total 38400K, used 5105K [0x00000000d5f00000, 0x00000000d8980000, 0x0000000100000000)
  eden space 33280K, 0% used [0x00000000d5f00000,0x00000000d5f00000,0x00000000d7f80000)
  from space 5120K, 99% used [0x00000000d7f80000,0x00000000d847c4f0,0x00000000d8480000)
  to   space 5120K, 0% used [0x00000000d8480000,0x00000000d8480000,0x00000000d8980000)
 ParOldGen       total 87552K, used 149K [0x0000000081c00000, 0x0000000087180000, 0x00000000d5f00000)
  object space 87552K, 0% used [0x0000000081c00000,0x0000000081c25590,0x0000000087180000)
 Metaspace       used 9130K, capacity 9244K, committed 9344K, reserved 1056768K
  class space    used 1007K, capacity 1080K, committed 1152K, reserved 1048576K
}
Event: 0.936 GC heap before
{Heap before GC invocations=2 (full 0):
 PSYoungGen      total 38400K, used 38385K [0x00000000d5f00000, 0x00000000d8980000, 0x0000000100000000)
  eden space 33280K, 100% used [0x00000000d5f00000,0x00000000d7f80000,0x00000000d7f80000)
  from space 5120K, 99% used [0x00000000d7f80000,0x00000000d847c4f0,0x00000000d8480000)
  to   space 5120K, 0% used [0x00000000d8480000,0x00000000d8480000,0x00000000d8980000)
 ParOldGen       total 87552K, used 149K [0x0000000081c00000, 0x0000000087180000, 0x00000000d5f00000)
  object space 87552K, 0% used [0x0000000081c00000,0x0000000081c25590,0x0000000087180000)
 Metaspace       used 12807K, capacity 12948K, committed 13184K, reserved 1060864K
  class space    used 1479K, capacity 1542K, committed 1664K, reserved 1048576K
Event: 0.941 GC heap after
Heap after GC invocations=2 (full 0):
 PSYoungGen      total 38400K, used 5104K [0x00000000d5f00000, 0x00000000daa00000, 0x0000000100000000)
  eden space 33280K, 0% used [0x00000000d5f00000,0x00000000d5f00000,0x00000000d7f80000)
  from space 5120K, 99% used [0x00000000d8480000,0x00000000d897c060,0x00000000d8980000)
  to   space 5120K, 0% used [0x00000000d7f80000,0x00000000d7f80000,0x00000000d8480000)
 ParOldGen       total 87552K, used 2409K [0x0000000081c00000, 0x0000000087180000, 0x00000000d5f00000)
  object space 87552K, 2% used [0x0000000081c00000,0x0000000081e5a728,0x0000000087180000)
 Metaspace       used 12807K, capacity 12948K, committed 13184K, reserved 1060864K
  class space    used 1479K, capacity 1542K, committed 1664K, reserved 1048576K
}
Event: 1.343 GC heap before
{Heap before GC invocations=3 (full 0):
 PSYoungGen      total 38400K, used 38384K [0x00000000d5f00000, 0x00000000daa00000, 0x0000000100000000)
  eden space 33280K, 100% used [0x00000000d5f00000,0x00000000d7f80000,0x00000000d7f80000)
  from space 5120K, 99% used [0x00000000d8480000,0x00000000d897c060,0x00000000d8980000)
  to   space 5120K, 0% used [0x00000000d7f80000,0x00000000d7f80000,0x00000000d8480000)
 ParOldGen       total 87552K, used 2409K [0x0000000081c00000, 0x0000000087180000, 0x00000000d5f00000)
  object space 87552K, 2% used [0x0000000081c00000,0x0000000081e5a728,0x0000000087180000)
 Metaspace       used 15849K, capacity 16040K, committed 16256K, reserved 1062912K
  class space    used 1788K, capacity 1876K, committed 1920K, reserved 1048576K
Event: 1.349 GC heap after
Heap after GC invocations=3 (full 0):
 PSYoungGen      total 38400K, used 5104K [0x00000000d5f00000, 0x00000000daa00000, 0x0000000100000000)
  eden space 33280K, 0% used [0x00000000d5f00000,0x00000000d5f00000,0x00000000d7f80000)
  from space 5120K, 99% used [0x00000000d7f80000,0x00000000d847c030,0x00000000d8480000)
  to   space 5120K, 0% used [0x00000000da500000,0x00000000da500000,0x00000000daa00000)
 ParOldGen       total 87552K, used 6147K [0x0000000081c00000, 0x0000000087180000, 0x00000000d5f00000)
  object space 87552K, 7% used [0x0000000081c00000,0x0000000082200f90,0x0000000087180000)
 Metaspace       used 15849K, capacity 16040K, committed 16256K, reserved 1062912K
  class space    used 1788K, capacity 1876K, committed 1920K, reserved 1048576K
}
Event: 1.681 GC heap before
{Heap before GC invocations=4 (full 0):
 PSYoungGen      total 38400K, used 38384K [0x00000000d5f00000, 0x00000000daa00000, 0x0000000100000000)
  eden space 33280K, 100% used [0x00000000d5f00000,0x00000000d7f80000,0x00000000d7f80000)
  from space 5120K, 99% used [0x00000000d7f80000,0x00000000d847c030,0x00000000d8480000)
  to   space 5120K, 0% used [0x00000000da500000,0x00000000da500000,0x00000000daa00000)
 ParOldGen       total 87552K, used 6147K [0x0000000081c00000, 0x0000000087180000, 0x00000000d5f00000)
  object space 87552K, 7% used [0x0000000081c00000,0x0000000082200f90,0x0000000087180000)
 Metaspace       used 16198K, capacity 16416K, committed 16768K, reserved 1064960K
  class space    used 1814K, capacity 1912K, committed 1920K, reserved 1048576K
Event: 1.695 GC heap after
Heap after GC invocations=4 (full 0):
 PSYoungGen      total 71680K, used 5104K [0x00000000d5f00000, 0x00000000daa00000, 0x0000000100000000)
  eden space 66560K, 0% used [0x00000000d5f00000,0x00000000d5f00000,0x00000000da000000)
  from space 5120K, 99% used [0x00000000da500000,0x00000000da9fc030,0x00000000daa00000)
  to   space 5120K, 0% used [0x00000000da000000,0x00000000da000000,0x00000000da500000)
 ParOldGen       total 87552K, used 10621K [0x0000000081c00000, 0x0000000087180000, 0x00000000d5f00000)
  object space 87552K, 12% used [0x0000000081c00000,0x000000008265f6e0,0x0000000087180000)
 Metaspace       used 16198K, capacity 16416K, committed 16768K, reserved 1064960K
  class space    used 1814K, capacity 1912K, committed 1920K, reserved 1048576K
}
Event: 2.004 GC heap before
{Heap before GC invocations=5 (full 0):
 PSYoungGen      total 71680K, used 71664K [0x00000000d5f00000, 0x00000000daa00000, 0x0000000100000000)
  eden space 66560K, 100% used [0x00000000d5f00000,0x00000000da000000,0x00000000da000000)
  from space 5120K, 99% used [0x00000000da500000,0x00000000da9fc030,0x00000000daa00000)
  to   space 5120K, 0% used [0x00000000da000000,0x00000000da000000,0x00000000da500000)
 ParOldGen       total 87552K, used 10621K [0x0000000081c00000, 0x0000000087180000, 0x00000000d5f00000)
  object space 87552K, 12% used [0x0000000081c00000,0x000000008265f6e0,0x0000000087180000)
 Metaspace       used 16488K, capacity 16754K, committed 17024K, reserved 1064960K
  class space    used 1817K, capacity 1915K, committed 1920K, reserved 1048576K
Event: 2.018 GC heap after
Heap after GC invocations=5 (full 0):
 PSYoungGen      total 71680K, used 5088K [0x00000000d5f00000, 0x00000000dfe00000, 0x0000000100000000)
  eden space 66560K, 0% used [0x00000000d5f00000,0x00000000d5f00000,0x00000000da000000)
  from space 5120K, 99% used [0x00000000da000000,0x00000000da4f8020,0x00000000da500000)
  to   space 14848K, 0% used [0x00000000def80000,0x00000000def80000,0x00000000dfe00000)
 ParOldGen       total 87552K, used 18954K [0x0000000081c00000, 0x0000000087180000, 0x00000000d5f00000)
  object space 87552K, 21% used [0x0000000081c00000,0x0000000082e82880,0x0000000087180000)
 Metaspace       used 16488K, capacity 16754K, committed 17024K, reserved 1064960K
  class space    used 1817K, capacity 1915K, committed 1920K, reserved 1048576K
}
Event: 2.437 GC heap before
{Heap before GC invocations=6 (full 0):
 PSYoungGen      total 71680K, used 71648K [0x00000000d5f00000, 0x00000000dfe00000, 0x0000000100000000)
  eden space 66560K, 100% used [0x00000000d5f00000,0x00000000da000000,0x00000000da000000)
  from space 5120K, 99% used [0x00000000da000000,0x00000000da4f8020,0x00000000da500000)
  to   space 14848K, 0% used [0x00000000def80000,0x00000000def80000,0x00000000dfe00000)
 ParOldGen       total 87552K, used 18954K [0x0000000081c00000, 0x0000000087180000, 0x00000000d5f00000)
  object space 87552K, 21% used [0x0000000081c00000,0x0000000082e82880,0x0000000087180000)
 Metaspace       used 16779K, capacity 17022K, committed 17280K, reserved 1064960K
  class space    used 1818K, capacity 1917K, committed 1920K, reserved 1048576K
Event: 2.450 GC heap after
Heap after GC invocations=6 (full 0):
 PSYoungGen      total 146432K, used 14032K [0x00000000d5f00000, 0x00000000e0100000, 0x0000000100000000)
  eden space 131584K, 0% used [0x00000000d5f00000,0x00000000d5f00000,0x00000000ddf80000)
  from space 14848K, 94% used [0x00000000def80000,0x00000000dfd34020,0x00000000dfe00000)
  to   space 16384K, 0% used [0x00000000ddf80000,0x00000000ddf80000,0x00000000def80000)
 ParOldGen       total 87552K, used 18954K [0x0000000081c00000, 0x0000000087180000, 0x00000000d5f00000)
  object space 87552K, 21% used [0x0000000081c00000,0x0000000082e82880,0x0000000087180000)
 Metaspace       used 16779K, capacity 17022K, committed 17280K, reserved 1064960K
  class space    used 1818K, capacity 1917K, committed 1920K, reserved 1048576K
}
Event: 3.222 GC heap before
{Heap before GC invocations=7 (full 0):
 PSYoungGen      total 146432K, used 74218K [0x00000000d5f00000, 0x00000000e0100000, 0x0000000100000000)
  eden space 131584K, 45% used [0x00000000d5f00000,0x00000000d99c6838,0x00000000ddf80000)
  from space 14848K, 94% used [0x00000000def80000,0x00000000dfd34020,0x00000000dfe00000)
  to   space 16384K, 0% used [0x00000000ddf80000,0x00000000ddf80000,0x00000000def80000)
 ParOldGen       total 87552K, used 18954K [0x0000000081c00000, 0x0000000087180000, 0x00000000d5f00000)
  object space 87552K, 21% used [0x0000000081c00000,0x0000000082e82880,0x0000000087180000)
 Metaspace       used 20226K, capacity 20748K, committed 21120K, reserved 1069056K
  class space    used 2223K, capacity 2370K, committed 2432K, reserved 1048576K
Event: 3.243 GC heap after
Heap after GC invocations=7 (full 0):
 PSYoungGen      total 147968K, used 16381K [0x00000000d5f00000, 0x00000000e0900000, 0x0000000100000000)
  eden space 131584K, 0% used [0x00000000d5f00000,0x00000000d5f00000,0x00000000ddf80000)
  from space 16384K, 99% used [0x00000000ddf80000,0x00000000def7f400,0x00000000def80000)
  to   space 20480K, 0% used [0x00000000df500000,0x00000000df500000,0x00000000e0900000)
 ParOldGen       total 87552K, used 22250K [0x0000000081c00000, 0x0000000087180000, 0x00000000d5f00000)
  object space 87552K, 25% used [0x0000000081c00000,0x00000000831ba8b8,0x0000000087180000)
 Metaspace       used 20226K, capacity 20748K, committed 21120K, reserved 1069056K
  class space    used 2223K, capacity 2370K, committed 2432K, reserved 1048576K
}
Event: 3.243 GC heap before
{Heap before GC invocations=8 (full 1):
 PSYoungGen      total 147968K, used 16381K [0x00000000d5f00000, 0x00000000e0900000, 0x0000000100000000)
  eden space 131584K, 0% used [0x00000000d5f00000,0x00000000d5f00000,0x00000000ddf80000)
  from space 16384K, 99% used [0x00000000ddf80000,0x00000000def7f400,0x00000000def80000)
  to   space 20480K, 0% used [0x00000000df500000,0x00000000df500000,0x00000000e0900000)
 ParOldGen       total 87552K, used 22250K [0x0000000081c00000, 0x0000000087180000, 0x00000000d5f00000)
  object space 87552K, 25% used [0x0000000081c00000,0x00000000831ba8b8,0x0000000087180000)
 Metaspace       used 20226K, capacity 20748K, committed 21120K, reserved 1069056K
  class space    used 2223K, capacity 2370K, committed 2432K, reserved 1048576K
Event: 3.339 GC heap after
Heap after GC invocations=8 (full 1):
 PSYoungGen      total 147968K, used 0K [0x00000000d5f00000, 0x00000000e0900000, 0x0000000100000000)
  eden space 131584K, 0% used [0x00000000d5f00000,0x00000000d5f00000,0x00000000ddf80000)
  from space 16384K, 0% used [0x00000000ddf80000,0x00000000ddf80000,0x00000000def80000)
  to   space 20480K, 0% used [0x00000000df500000,0x00000000df500000,0x00000000e0900000)
 ParOldGen       total 87552K, used 31634K [0x0000000081c00000, 0x0000000087180000, 0x00000000d5f00000)
  object space 87552K, 36% used [0x0000000081c00000,0x0000000083ae49e8,0x0000000087180000)
 Metaspace       used 20226K, capacity 20748K, committed 21120K, reserved 1069056K
  class space    used 2223K, capacity 2370K, committed 2432K, reserved 1048576K
}
Event: 3.355 GC heap before
{Heap before GC invocations=9 (full 1):
 PSYoungGen      total 147968K, used 2609K [0x00000000d5f00000, 0x00000000e0900000, 0x0000000100000000)
  eden space 131584K, 1% used [0x00000000d5f00000,0x00000000d618c5a0,0x00000000ddf80000)
  from space 16384K, 0% used [0x00000000ddf80000,0x00000000ddf80000,0x00000000def80000)
  to   space 20480K, 0% used [0x00000000df500000,0x00000000df500000,0x00000000e0900000)
 ParOldGen       total 87552K, used 31634K [0x0000000081c00000, 0x0000000087180000, 0x00000000d5f00000)
  object space 87552K, 36% used [0x0000000081c00000,0x0000000083ae49e8,0x0000000087180000)
 Metaspace       used 20288K, capacity 20812K, committed 21120K, reserved 1069056K
  class space    used 2233K, capacity 2370K, committed 2432K, reserved 1048576K
Event: 3.356 GC heap after
Heap after GC invocations=9 (full 1):
 PSYoungGen      total 152576K, used 160K [0x00000000d5f00000, 0x00000000e0b00000, 0x0000000100000000)
  eden space 132096K, 0% used [0x00000000d5f00000,0x00000000d5f00000,0x00000000de000000)
  from space 20480K, 0% used [0x00000000df500000,0x00000000df528000,0x00000000e0900000)
  to   space 21504K, 0% used [0x00000000de000000,0x00000000de000000,0x00000000df500000)
 ParOldGen       total 87552K, used 31634K [0x0000000081c00000, 0x0000000087180000, 0x00000000d5f00000)
  object space 87552K, 36% used [0x0000000081c00000,0x0000000083ae49e8,0x0000000087180000)
 Metaspace       used 20288K, capacity 20812K, committed 21120K, reserved 1069056K
  class space    used 2233K, capacity 2370K, committed 2432K, reserved 1048576K
}
Event: 3.356 GC heap before
{Heap before GC invocations=10 (full 2):
 PSYoungGen      total 152576K, used 160K [0x00000000d5f00000, 0x00000000e0b00000, 0x0000000100000000)
  eden space 132096K, 0% used [0x00000000d5f00000,0x00000000d5f00000,0x00000000de000000)
  from space 20480K, 0% used [0x00000000df500000,0x00000000df528000,0x00000000e0900000)
  to   space 21504K, 0% used [0x00000000de000000,0x00000000de000000,0x00000000df500000)
 ParOldGen       total 87552K, used 31634K [0x0000000081c00000, 0x0000000087180000, 0x00000000d5f00000)
  object space 87552K, 36% used [0x0000000081c00000,0x0000000083ae49e8,0x0000000087180000)
 Metaspace       used 20288K, capacity 20812K, committed 21120K, reserved 1069056K
  class space    used 2233K, capacity 2370K, committed 2432K, reserved 1048576K
Event: 3.439 GC heap after
Heap after GC invocations=10 (full 2):
 PSYoungGen      total 152576K, used 0K [0x00000000d5f00000, 0x00000000e0b00000, 0x0000000100000000)
  eden space 132096K, 0% used [0x00000000d5f00000,0x00000000d5f00000,0x00000000de000000)
  from space 20480K, 0% used [0x00000000df500000,0x00000000df500000,0x00000000e0900000)
  to   space 21504K, 0% used [0x00000000de000000,0x00000000de000000,0x00000000df500000)
 ParOldGen       total 87552K, used 29285K [0x0000000081c00000, 0x0000000087180000, 0x00000000d5f00000)
  object space 87552K, 33% used [0x0000000081c00000,0x0000000083899708,0x0000000087180000)
 Metaspace       used 20288K, capacity 20812K, committed 21120K, reserved 1069056K
  class space    used 2233K, capacity 2370K, committed 2432K, reserved 1048576K
}
Event: 4.806 GC heap before
{Heap before GC invocations=11 (full 2):
 PSYoungGen      total 152576K, used 132096K [0x00000000d5f00000, 0x00000000e0b00000, 0x0000000100000000)
  eden space 132096K, 100% used [0x00000000d5f00000,0x00000000de000000,0x00000000de000000)
  from space 20480K, 0% used [0x00000000df500000,0x00000000df500000,0x00000000e0900000)
  to   space 21504K, 0% used [0x00000000de000000,0x00000000de000000,0x00000000df500000)
 ParOldGen       total 87552K, used 29285K [0x0000000081c00000, 0x0000000087180000, 0x00000000d5f00000)
  object space 87552K, 33% used [0x0000000081c00000,0x0000000083899708,0x0000000087180000)
 Metaspace       used 26218K, capacity 26978K, committed 27392K, reserved 1073152K
  class space    used 2985K, capacity 3231K, committed 3328K, reserved 1048576K
Event: 4.816 GC heap after
Heap after GC invocations=11 (full 2):
 PSYoungGen      total 153600K, used 12229K [0x00000000d5f00000, 0x00000000e8b00000, 0x0000000100000000)
  eden space 132096K, 0% used [0x00000000d5f00000,0x00000000d5f00000,0x00000000de000000)
  from space 21504K, 56% used [0x00000000de000000,0x00000000debf16c8,0x00000000df500000)
  to   space 21504K, 0% used [0x00000000e7600000,0x00000000e7600000,0x00000000e8b00000)
 ParOldGen       total 87552K, used 29293K [0x0000000081c00000, 0x0000000087180000, 0x00000000d5f00000)
  object space 87552K, 33% used [0x0000000081c00000,0x000000008389b708,0x0000000087180000)
 Metaspace       used 26218K, capacity 26978K, committed 27392K, reserved 1073152K
  class space    used 2985K, capacity 3231K, committed 3328K, reserved 1048576K
}
Event: 5.395 GC heap before
{Heap before GC invocations=12 (full 2):
 PSYoungGen      total 153600K, used 111896K [0x00000000d5f00000, 0x00000000e8b00000, 0x0000000100000000)
  eden space 132096K, 75% used [0x00000000d5f00000,0x00000000dc054d20,0x00000000de000000)
  from space 21504K, 56% used [0x00000000de000000,0x00000000debf16c8,0x00000000df500000)
  to   space 21504K, 0% used [0x00000000e7600000,0x00000000e7600000,0x00000000e8b00000)
 ParOldGen       total 87552K, used 29293K [0x0000000081c00000, 0x0000000087180000, 0x00000000d5f00000)
  object space 87552K, 33% used [0x0000000081c00000,0x000000008389b708,0x0000000087180000)
 Metaspace       used 34101K, capacity 34882K, committed 35200K, reserved 1081344K
  class space    used 3895K, capacity 4143K, committed 4224K, reserved 1048576K
Event: 5.410 GC heap after
Heap after GC invocations=12 (full 2):
 PSYoungGen      total 283648K, used 18157K [0x00000000d5f00000, 0x00000000e8f00000, 0x0000000100000000)
  eden space 262144K, 0% used [0x00000000d5f00000,0x00000000d5f00000,0x00000000e5f00000)
  from space 21504K, 84% used [0x00000000e7600000,0x00000000e87bb6a0,0x00000000e8b00000)
  to   space 23552K, 0% used [0x00000000e5f00000,0x00000000e5f00000,0x00000000e7600000)
 ParOldGen       total 87552K, used 29301K [0x0000000081c00000, 0x0000000087180000, 0x00000000d5f00000)
  object space 87552K, 33% used [0x0000000081c00000,0x000000008389d708,0x0000000087180000)
 Metaspace       used 34101K, capacity 34882K, committed 35200K, reserved 1081344K
  class space    used 3895K, capacity 4143K, committed 4224K, reserved 1048576K
}
Event: 5.410 GC heap before
{Heap before GC invocations=13 (full 3):
 PSYoungGen      total 283648K, used 18157K [0x00000000d5f00000, 0x00000000e8f00000, 0x0000000100000000)
  eden space 262144K, 0% used [0x00000000d5f00000,0x00000000d5f00000,0x00000000e5f00000)
  from space 21504K, 84% used [0x00000000e7600000,0x00000000e87bb6a0,0x00000000e8b00000)
  to   space 23552K, 0% used [0x00000000e5f00000,0x00000000e5f00000,0x00000000e7600000)
 ParOldGen       total 87552K, used 29301K [0x0000000081c00000, 0x0000000087180000, 0x00000000d5f00000)
  object space 87552K, 33% used [0x0000000081c00000,0x000000008389d708,0x0000000087180000)
 Metaspace       used 34101K, capacity 34882K, committed 35200K, reserved 1081344K
  class space    used 3895K, capacity 4143K, committed 4224K, reserved 1048576K
Event: 5.605 GC heap after
Heap after GC invocations=13 (full 3):
 PSYoungGen      total 283648K, used 0K [0x00000000d5f00000, 0x00000000e8f00000, 0x0000000100000000)
  eden space 262144K, 0% used [0x00000000d5f00000,0x00000000d5f00000,0x00000000e5f00000)
  from space 21504K, 0% used [0x00000000e7600000,0x00000000e7600000,0x00000000e8b00000)
  to   space 23552K, 0% used [0x00000000e5f00000,0x00000000e5f00000,0x00000000e7600000)
 ParOldGen       total 114176K, used 46284K [0x0000000081c00000, 0x0000000088b80000, 0x00000000d5f00000)
  object space 114176K, 40% used [0x0000000081c00000,0x0000000084933278,0x0000000088b80000)
 Metaspace       used 34101K, capacity 34882K, committed 35200K, reserved 1081344K
  class space    used 3895K, capacity 4143K, committed 4224K, reserved 1048576K
}
Event: 6.844 GC heap before
{Heap before GC invocations=14 (full 3):
 PSYoungGen      total 283648K, used 262144K [0x00000000d5f00000, 0x00000000e8f00000, 0x0000000100000000)
  eden space 262144K, 100% used [0x00000000d5f00000,0x00000000e5f00000,0x00000000e5f00000)
  from space 21504K, 0% used [0x00000000e7600000,0x00000000e7600000,0x00000000e8b00000)
  to   space 23552K, 0% used [0x00000000e5f00000,0x00000000e5f00000,0x00000000e7600000)
 ParOldGen       total 114176K, used 46284K [0x0000000081c00000, 0x0000000088b80000, 0x00000000d5f00000)
  object space 114176K, 40% used [0x0000000081c00000,0x0000000084933278,0x0000000088b80000)
 Metaspace       used 46435K, capacity 47424K, committed 48000K, reserved 1091584K
  class space    used 5376K, capacity 5644K, committed 5760K, reserved 1048576K
Event: 6.868 GC heap after
Heap after GC invocations=14 (full 3):
 PSYoungGen      total 285696K, used 17915K [0x00000000d5f00000, 0x00000000eac00000, 0x0000000100000000)
  eden space 262144K, 0% used [0x00000000d5f00000,0x00000000d5f00000,0x00000000e5f00000)
  from space 23552K, 76% used [0x00000000e5f00000,0x00000000e707eff0,0x00000000e7600000)
  to   space 24576K, 0% used [0x00000000e9400000,0x00000000e9400000,0x00000000eac00000)
 ParOldGen       total 114176K, used 46292K [0x0000000081c00000, 0x0000000088b80000, 0x00000000d5f00000)
  object space 114176K, 40% used [0x0000000081c00000,0x0000000084935278,0x0000000088b80000)
 Metaspace       used 46435K, capacity 47424K, committed 48000K, reserved 1091584K
  class space    used 5376K, capacity 5644K, committed 5760K, reserved 1048576K
}
Event: 8.161 GC heap before
{Heap before GC invocations=15 (full 3):
 PSYoungGen      total 285696K, used 244130K [0x00000000d5f00000, 0x00000000eac00000, 0x0000000100000000)
  eden space 262144K, 86% used [0x00000000d5f00000,0x00000000e3be9810,0x00000000e5f00000)
  from space 23552K, 76% used [0x00000000e5f00000,0x00000000e707eff0,0x00000000e7600000)
  to   space 24576K, 0% used [0x00000000e9400000,0x00000000e9400000,0x00000000eac00000)
 ParOldGen       total 114176K, used 46292K [0x0000000081c00000, 0x0000000088b80000, 0x00000000d5f00000)
  object space 114176K, 40% used [0x0000000081c00000,0x0000000084935278,0x0000000088b80000)
 Metaspace       used 57310K, capacity 58338K, committed 58624K, reserved 1101824K
  class space    used 6877K, capacity 7165K, committed 7168K, reserved 1048576K
Event: 8.186 GC heap after
Heap after GC invocations=15 (full 3):
 PSYoungGen      total 312320K, used 24572K [0x00000000d5f00000, 0x00000000eb380000, 0x0000000100000000)
  eden space 287744K, 0% used [0x00000000d5f00000,0x00000000d5f00000,0x00000000e7800000)
  from space 24576K, 99% used [0x00000000e9400000,0x00000000eabff3a0,0x00000000eac00000)
  to   space 28672K, 0% used [0x00000000e7800000,0x00000000e7800000,0x00000000e9400000)
 ParOldGen       total 114176K, used 48061K [0x0000000081c00000, 0x0000000088b80000, 0x00000000d5f00000)
  object space 114176K, 42% used [0x0000000081c00000,0x0000000084aef708,0x0000000088b80000)
 Metaspace       used 57310K, capacity 58338K, committed 58624K, reserved 1101824K
  class space    used 6877K, capacity 7165K, committed 7168K, reserved 1048576K
}
Event: 8.186 GC heap before
{Heap before GC invocations=16 (full 4):
 PSYoungGen      total 312320K, used 24572K [0x00000000d5f00000, 0x00000000eb380000, 0x0000000100000000)
  eden space 287744K, 0% used [0x00000000d5f00000,0x00000000d5f00000,0x00000000e7800000)
  from space 24576K, 99% used [0x00000000e9400000,0x00000000eabff3a0,0x00000000eac00000)
  to   space 28672K, 0% used [0x00000000e7800000,0x00000000e7800000,0x00000000e9400000)
 ParOldGen       total 114176K, used 48061K [0x0000000081c00000, 0x0000000088b80000, 0x00000000d5f00000)
  object space 114176K, 42% used [0x0000000081c00000,0x0000000084aef708,0x0000000088b80000)
 Metaspace       used 57310K, capacity 58338K, committed 58624K, reserved 1101824K
  class space    used 6877K, capacity 7165K, committed 7168K, reserved 1048576K
Event: 8.312 GC heap after
Heap after GC invocations=16 (full 4):
 PSYoungGen      total 312320K, used 0K [0x00000000d5f00000, 0x00000000eb380000, 0x0000000100000000)
  eden space 287744K, 0% used [0x00000000d5f00000,0x00000000d5f00000,0x00000000e7800000)
  from space 24576K, 0% used [0x00000000e9400000,0x00000000e9400000,0x00000000eac00000)
  to   space 28672K, 0% used [0x00000000e7800000,0x00000000e7800000,0x00000000e9400000)
 ParOldGen       total 114176K, used 64996K [0x0000000081c00000, 0x0000000088b80000, 0x00000000d5f00000)
  object space 114176K, 56% used [0x0000000081c00000,0x0000000085b79188,0x0000000088b80000)
 Metaspace       used 57310K, capacity 58338K, committed 58624K, reserved 1101824K
  class space    used 6877K, capacity 7165K, committed 7168K, reserved 1048576K
}
Event: 9.727 GC heap before
{Heap before GC invocations=17 (full 4):
 PSYoungGen      total 312320K, used 287744K [0x00000000d5f00000, 0x00000000eb380000, 0x0000000100000000)
  eden space 287744K, 100% used [0x00000000d5f00000,0x00000000e7800000,0x00000000e7800000)
  from space 24576K, 0% used [0x00000000e9400000,0x00000000e9400000,0x00000000eac00000)
  to   space 28672K, 0% used [0x00000000e7800000,0x00000000e7800000,0x00000000e9400000)
 ParOldGen       total 114176K, used 64996K [0x0000000081c00000, 0x0000000088b80000, 0x00000000d5f00000)
  object space 114176K, 56% used [0x0000000081c00000,0x0000000085b79188,0x0000000088b80000)
 Metaspace       used 64060K, capacity 65178K, committed 65664K, reserved 1107968K
  class space    used 7722K, capacity 8021K, committed 8064K, reserved 1048576K
Event: 9.741 GC heap after
Heap after GC invocations=17 (full 4):
 PSYoungGen      total 316416K, used 19213K [0x00000000d5f00000, 0x00000000eb380000, 0x0000000100000000)
  eden space 287744K, 0% used [0x00000000d5f00000,0x00000000d5f00000,0x00000000e7800000)
  from space 28672K, 67% used [0x00000000e7800000,0x00000000e8ac3540,0x00000000e9400000)
  to   space 24576K, 0% used [0x00000000e9400000,0x00000000e9400000,0x00000000eac00000)
 ParOldGen       total 114176K, used 65004K [0x0000000081c00000, 0x0000000088b80000, 0x00000000d5f00000)
  object space 114176K, 56% used [0x0000000081c00000,0x0000000085b7b188,0x0000000088b80000)
 Metaspace       used 64060K, capacity 65178K, committed 65664K, reserved 1107968K
  class space    used 7722K, capacity 8021K, committed 8064K, reserved 1048576K
}
Event: 10.752 GC heap before
{Heap before GC invocations=18 (full 4):
 PSYoungGen      total 316416K, used 306957K [0x00000000d5f00000, 0x00000000eb380000, 0x0000000100000000)
  eden space 287744K, 100% used [0x00000000d5f00000,0x00000000e7800000,0x00000000e7800000)
  from space 28672K, 67% used [0x00000000e7800000,0x00000000e8ac3540,0x00000000e9400000)
  to   space 24576K, 0% used [0x00000000e9400000,0x00000000e9400000,0x00000000eac00000)
 ParOldGen       total 114176K, used 65004K [0x0000000081c00000, 0x0000000088b80000, 0x00000000d5f00000)
  object space 114176K, 56% used [0x0000000081c00000,0x0000000085b7b188,0x0000000088b80000)
 Metaspace       used 67956K, capacity 69258K, committed 69632K, reserved 1110016K
  class space    used 8242K, capacity 8589K, committed 8704K, reserved 1048576K
Event: 10.775 GC heap after
Heap after GC invocations=18 (full 4):
 PSYoungGen      total 312320K, used 23982K [0x00000000d5f00000, 0x00000000eb380000, 0x0000000100000000)
  eden space 287744K, 0% used [0x00000000d5f00000,0x00000000d5f00000,0x00000000e7800000)
  from space 24576K, 97% used [0x00000000e9400000,0x00000000eab6b9f0,0x00000000eac00000)
  to   space 28672K, 0% used [0x00000000e7800000,0x00000000e7800000,0x00000000e9400000)
 ParOldGen       total 114176K, used 65012K [0x0000000081c00000, 0x0000000088b80000, 0x00000000d5f00000)
  object space 114176K, 56% used [0x0000000081c00000,0x0000000085b7d188,0x0000000088b80000)
 Metaspace       used 67956K, capacity 69258K, committed 69632K, reserved 1110016K
  class space    used 8242K, capacity 8589K, committed 8704K, reserved 1048576K
}

